{
  "RSpec": {
    "coverage": {
      "/Users/student/Desktop/makers/week_6/Makersbnb/app/makersbnb.rb": {
        "lines": [
          1,
          1,
          1,
          1,
          1,
          1,
          1,
          1,
          1,
          null,
          1,
          null,
          1,
          1,
          1,
          1,
          null,
          1,
          14,
          14,
          0,
          null,
          14,
          null,
          null,
          null,
          1,
          4,
          4,
          4,
          null,
          null,
          1,
          2,
          null,
          null,
          1,
          2,
          2,
          2,
          2,
          null,
          null,
          1,
          5,
          null,
          null,
          1,
          3,
          3,
          1,
          1,
          null,
          2,
          2,
          null,
          null,
          null,
          1,
          1,
          1,
          null,
          null,
          1,
          1,
          1,
          1,
          null,
          null,
          1,
          0,
          0,
          0,
          0,
          null,
          null,
          1,
          0,
          0,
          0,
          0,
          0,
          null,
          null,
          1,
          0,
          0,
          0,
          null,
          null,
          null
        ]
      },
      "/Users/student/Desktop/makers/week_6/Makersbnb/app/models/user.rb": {
        "lines": [
          1,
          null,
          1,
          1,
          1,
          1,
          null
        ]
      },
      "/Users/student/Desktop/makers/week_6/Makersbnb/app/models/spaces.rb": {
        "lines": [
          1,
          1,
          null,
          1,
          1,
          1,
          null
        ]
      },
      "/Users/student/Desktop/makers/week_6/Makersbnb/app/models/bookings.rb": {
        "lines": [
          1,
          1,
          null,
          1,
          1,
          1,
          null
        ]
      },
      "/Users/student/Desktop/makers/week_6/Makersbnb/spec/features/web_helpers.rb": {
        "lines": [
          1,
          3,
          3,
          3,
          3,
          null,
          null,
          1,
          5,
          5,
          0,
          0,
          0,
          0,
          null,
          null,
          1,
          0,
          0,
          0,
          0,
          0,
          null,
          null,
          1,
          0,
          0,
          0,
          0,
          null
        ]
      },
      "/Users/student/Desktop/makers/week_6/Makersbnb/spec/booking_spec.rb": {
        "lines": [
          1,
          1,
          2,
          2,
          null,
          1,
          1,
          1,
          null,
          null,
          null
        ]
      },
      "/Users/student/Desktop/makers/week_6/Makersbnb/spec/features/add_booking_spec.rb": {
        "lines": [
          1,
          1,
          1,
          1,
          0,
          0,
          0,
          0,
          0,
          null,
          null
        ]
      },
      "/Users/student/Desktop/makers/week_6/Makersbnb/spec/features/adding_spaces_spec.rb": {
        "lines": [
          1,
          1,
          1,
          1,
          1,
          1,
          1,
          1,
          null,
          1,
          1,
          1,
          1,
          1,
          1,
          1,
          null,
          1,
          1,
          1,
          1,
          null,
          null,
          1,
          1,
          1,
          0,
          null,
          0,
          null,
          0,
          0,
          0,
          0,
          0,
          null,
          0,
          null,
          0,
          null,
          null
        ]
      },
      "/Users/student/Desktop/makers/week_6/Makersbnb/spec/features/signin_spec.rb": {
        "lines": [
          1,
          1,
          1,
          null,
          1,
          1,
          null,
          1,
          1,
          null,
          null,
          1,
          1,
          null,
          1,
          1,
          null,
          1,
          1,
          null,
          null,
          1,
          1,
          null,
          1,
          1,
          null,
          1,
          1,
          null,
          null
        ]
      },
      "/Users/student/Desktop/makers/week_6/Makersbnb/spec/features/signout_spec.rb": {
        "lines": [
          1,
          1,
          1,
          1,
          0,
          0,
          null,
          null
        ]
      },
      "/Users/student/Desktop/makers/week_6/Makersbnb/spec/features/signup_spec.rb": {
        "lines": [
          1,
          1,
          1,
          1,
          1,
          1,
          1,
          null,
          1,
          null,
          null
        ]
      },
      "/Users/student/Desktop/makers/week_6/Makersbnb/spec/features/view_space_details_spec.rb": {
        "lines": [
          1,
          1,
          1,
          1,
          0,
          null,
          0,
          null,
          0,
          null,
          null
        ]
      },
      "/Users/student/Desktop/makers/week_6/Makersbnb/spec/features/viewing_homepage_spec.rb": {
        "lines": [
          1,
          null,
          1,
          1,
          1,
          1,
          null,
          null,
          1,
          1,
          1,
          0,
          0,
          null,
          null
        ]
      },
      "/Users/student/Desktop/makers/week_6/Makersbnb/spec/space_spec.rb": {
        "lines": [
          1,
          1,
          1,
          1,
          null,
          null,
          1,
          1,
          1,
          1,
          null,
          null
        ]
      },
      "/Users/student/Desktop/makers/week_6/Makersbnb/spec/user_spec.rb": {
        "lines": [
          1,
          1,
          1,
          1,
          null,
          null
        ]
      }
    },
    "timestamp": 1582905468
  }
}
